{"type":"server-started","port":61461,"host":"127.0.0.1","url_host":"localhost","url":"http://localhost:61461","screen_dir":"/Users/mohammedaljohani/Documents/Proj/TR_AR/.superpowers/brainstorm/14408-1774556457/content","state_dir":"/Users/mohammedaljohani/Documents/Proj/TR_AR/.superpowers/brainstorm/14408-1774556457/state"}
{"type":"screen-added","file":"/Users/mohammedaljohani/Documents/Proj/TR_AR/.superpowers/brainstorm/14408-1774556457/content/layout.html"}
{"type":"screen-updated","file":"/Users/mohammedaljohani/Documents/Proj/TR_AR/.superpowers/brainstorm/14408-1774556457/content/layout.html"}
{"type":"screen-updated","file":"/Users/mohammedaljohani/Documents/Proj/TR_AR/.superpowers/brainstorm/14408-1774556457/content/layout.html"}
{"type":"screen-updated","file":"/Users/mohammedaljohani/Documents/Proj/TR_AR/.superpowers/brainstorm/14408-1774556457/content/layout.html"}
{"type":"screen-added","file":"/Users/mohammedaljohani/Documents/Proj/TR_AR/.superpowers/brainstorm/14408-1774556457/content/waiting.html"}
{"type":"screen-updated","file":"/Users/mohammedaljohani/Documents/Proj/TR_AR/.superpowers/brainstorm/14408-1774556457/content/waiting.html"}
{"type":"screen-updated","file":"/Users/mohammedaljohani/Documents/Proj/TR_AR/.superpowers/brainstorm/14408-1774556457/content/waiting.html"}
{"type":"screen-updated","file":"/Users/mohammedaljohani/Documents/Proj/TR_AR/.superpowers/brainstorm/14408-1774556457/content/waiting.html"}
{"type":"screen-added","file":"/Users/mohammedaljohani/Documents/Proj/TR_AR/.superpowers/brainstorm/14408-1774556457/content/approaches.html"}
{"type":"screen-updated","file":"/Users/mohammedaljohani/Documents/Proj/TR_AR/.superpowers/brainstorm/14408-1774556457/content/approaches.html"}
{"type":"screen-updated","file":"/Users/mohammedaljohani/Documents/Proj/TR_AR/.superpowers/brainstorm/14408-1774556457/content/approaches.html"}
{"type":"screen-updated","file":"/Users/mohammedaljohani/Documents/Proj/TR_AR/.superpowers/brainstorm/14408-1774556457/content/approaches.html"}
{"type":"screen-added","file":"/Users/mohammedaljohani/Documents/Proj/TR_AR/.superpowers/brainstorm/14408-1774556457/content/architecture.html"}
{"type":"screen-updated","file":"/Users/mohammedaljohani/Documents/Proj/TR_AR/.superpowers/brainstorm/14408-1774556457/content/architecture.html"}
{"type":"screen-updated","file":"/Users/mohammedaljohani/Documents/Proj/TR_AR/.superpowers/brainstorm/14408-1774556457/content/architecture.html"}
{"type":"screen-updated","file":"/Users/mohammedaljohani/Documents/Proj/TR_AR/.superpowers/brainstorm/14408-1774556457/content/architecture.html"}
{"type":"screen-added","file":"/Users/mohammedaljohani/Documents/Proj/TR_AR/.superpowers/brainstorm/14408-1774556457/content/full-design.html"}
{"type":"screen-updated","file":"/Users/mohammedaljohani/Documents/Proj/TR_AR/.superpowers/brainstorm/14408-1774556457/content/full-design.html"}
{"type":"screen-updated","file":"/Users/mohammedaljohani/Documents/Proj/TR_AR/.superpowers/brainstorm/14408-1774556457/content/full-design.html"}
{"type":"screen-updated","file":"/Users/mohammedaljohani/Documents/Proj/TR_AR/.superpowers/brainstorm/14408-1774556457/content/full-design.html"}
{"type":"screen-added","file":"/Users/mohammedaljohani/Documents/Proj/TR_AR/.superpowers/brainstorm/14408-1774556457/content/recommendations.html"}
{"type":"screen-updated","file":"/Users/mohammedaljohani/Documents/Proj/TR_AR/.superpowers/brainstorm/14408-1774556457/content/recommendations.html"}
{"type":"screen-updated","file":"/Users/mohammedaljohani/Documents/Proj/TR_AR/.superpowers/brainstorm/14408-1774556457/content/recommendations.html"}
{"type":"screen-updated","file":"/Users/mohammedaljohani/Documents/Proj/TR_AR/.superpowers/brainstorm/14408-1774556457/content/recommendations.html"}
{"type":"screen-added","file":"/Users/mohammedaljohani/Documents/Proj/TR_AR/.superpowers/brainstorm/14408-1774556457/content/waiting-2.html"}
{"type":"screen-updated","file":"/Users/mohammedaljohani/Documents/Proj/TR_AR/.superpowers/brainstorm/14408-1774556457/content/waiting-2.html"}
{"type":"screen-updated","file":"/Users/mohammedaljohani/Documents/Proj/TR_AR/.superpowers/brainstorm/14408-1774556457/content/waiting-2.html"}
{"type":"screen-updated","file":"/Users/mohammedaljohani/Documents/Proj/TR_AR/.superpowers/brainstorm/14408-1774556457/content/waiting-2.html"}
{"type":"server-stopped","reason":"idle timeout"}
